Capturing execution frames: geometry_only.json
  [Console-error] Failed to load resource: the server responded with a status of 404 (Not Found)
  [Console-error] Failed to load resource: the server responded with a status of 404 (Not Found)
  [Console-error] Failed to load resource: the server responded with a status of 404 (Not Found)
  [Console-error] Failed to load resource: the server responded with a status of 404 (Not Found)
  [Console-error] Failed to load resource: the server responded with a status of 404 (Not Found)
  [Console-error] Failed to load resource: the server responded with a status of 404 (Not Found)
  [Console-warning] WARNING: Multiple instances of Three.js being imported.
  [Console-warning] [ComfyUI Deprecated] Importing from "scripts/ui.js" is deprecated and will be removed in v1.34.
  [Console-warning] [MaskEditor] ComfyApp.open_maskeditor is deprecated. Plugins should migrate to using the command system or direct node context menu integration.
  [Console-warning] [ComfyUI Deprecated] Importing from "scripts/ui/components/buttonGroup.js" is deprecated and will be removed in v1.34.
  [Console-warning] [ComfyUI Deprecated] Importing from "scripts/ui/components/button.js" is deprecated and will be removed in v1.34.
  [Console-warning] Canvas2D: Multiple readback operations using getImageData are faster with the willReadFrequently attribute set to true. See: https://html.spec.whatwg.org/multipage/canvas.html#concept-canvas-will-read-frequently
  [Console-error] No input!
  Frame 1 saved (frame_000.jpg, t=0.0s)
  Validating workflow...
  Queuing workflow for execution...
  Node executed (1 total), capturing...
  Frame 2 saved (frame_001.jpg, t=2.0s)
  [capture-node] freeze=22ms shot=351ms unfreeze=23ms saved=True
  [capture-loop] iter=50 t=10.7s state={'complete': False, 'error': None, 'executedCount': 1, 'wsState': 1} eval_ms=22
  [capture-loop] iter=100 t=19.2s state={'complete': False, 'error': None, 'executedCount': 1, 'wsState': 1} eval_ms=39
  Frame 3 saved (frame_002.jpg, t=22.2s)
  [capture-periodic] freeze=25ms shot=539ms unfreeze=20ms saved=True
  [capture-loop] iter=150 t=41.5s state={'complete': False, 'error': None, 'executedCount': 1, 'wsState': 1} eval_ms=31
  [capture-loop] iter=200 t=50.7s state={'complete': False, 'error': None, 'executedCount': 1, 'wsState': 1} eval_ms=22
  [capture-loop] iter=250 t=59.5s state={'complete': False, 'error': None, 'executedCount': 1, 'wsState': 1} eval_ms=21
  Frame 4 saved (frame_003.jpg, t=62.3s)
  [capture-periodic] freeze=21ms shot=426ms unfreeze=22ms saved=True
  [capture-loop] iter=300 t=68.8s state={'complete': False, 'error': None, 'executedCount': 1, 'wsState': 1} eval_ms=21
  [capture-loop] iter=350 t=87.8s state={'complete': False, 'error': None, 'executedCount': 1, 'wsState': 1} eval_ms=106
  [capture-loop] iter=400 t=107.4s state={'complete': False, 'error': None, 'executedCount': 1, 'wsState': 1} eval_ms=24
  [capture-loop] iter=450 t=118.2s state={'complete': False, 'error': None, 'executedCount': 1, 'wsState': 1} eval_ms=27
  [capture-loop] iter=500 t=132.9s state={'complete': False, 'error': None, 'executedCount': 1, 'wsState': 1} eval_ms=23
  [capture-loop] iter=550 t=159.2s state={'complete': False, 'error': None, 'executedCount': 1, 'wsState': 1} eval_ms=23
  [capture-loop] iter=600 t=170.6s state={'complete': False, 'error': None, 'executedCount': 1, 'wsState': 1} eval_ms=26
  [capture-loop] iter=650 t=187.4s state={'complete': False, 'error': None, 'executedCount': 1, 'wsState': 1} eval_ms=28
  [capture-loop] iter=700 t=206.0s state={'complete': False, 'error': None, 'executedCount': 1, 'wsState': 1} eval_ms=31
  [capture-loop] iter=750 t=217.7s state={'complete': False, 'error': None, 'executedCount': 1, 'wsState': 1} eval_ms=16
  [capture-loop] iter=800 t=229.4s state={'complete': False, 'error': None, 'executedCount': 1, 'wsState': 1} eval_ms=27
  [capture-loop] iter=850 t=241.0s state={'complete': False, 'error': None, 'executedCount': 1, 'wsState': 1} eval_ms=19
  [capture-loop] iter=900 t=258.8s state={'complete': False, 'error': None, 'executedCount': 1, 'wsState': 1} eval_ms=26
  [capture-loop] iter=950 t=267.9s state={'complete': False, 'error': None, 'executedCount': 1, 'wsState': 1} eval_ms=24
  [capture-loop] iter=1000 t=277.0s state={'complete': False, 'error': None, 'executedCount': 1, 'wsState': 1} eval_ms=18
  [capture-loop] iter=1050 t=292.5s state={'complete': False, 'error': None, 'executedCount': 1, 'wsState': 1} eval_ms=72
  [capture-loop] iter=1100 t=306.7s state={'complete': False, 'error': None, 'executedCount': 1, 'wsState': 1} eval_ms=29
  [capture-loop] iter=1150 t=316.1s state={'complete': False, 'error': None, 'executedCount': 1, 'wsState': 1} eval_ms=29
  [capture-loop] iter=1200 t=324.8s state={'complete': False, 'error': None, 'executedCount': 1, 'wsState': 1} eval_ms=47
  Frame 5 saved (frame_004.jpg, t=324.8s)
  [capture-periodic] freeze=24ms shot=432ms unfreeze=20ms saved=True
  [capture-loop] iter=1250 t=333.8s state={'complete': False, 'error': None, 'executedCount': 1, 'wsState': 1} eval_ms=24
  [capture-loop] iter=1300 t=342.3s state={'complete': False, 'error': None, 'executedCount': 1, 'wsState': 1} eval_ms=19
  Frame 6 saved (frame_005.jpg, t=345.2s)
  [capture-periodic] freeze=20ms shot=368ms unfreeze=19ms saved=True
  Frame 7 saved (frame_006.jpg, t=347.8s)
  [capture-periodic] freeze=23ms shot=438ms unfreeze=24ms saved=True
  Frame 8 saved (frame_007.jpg, t=350.4s)
  [capture-periodic] freeze=19ms shot=387ms unfreeze=21ms saved=True
  [capture-loop] iter=1350 t=351.7s state={'complete': False, 'error': None, 'executedCount': 1, 'wsState': 1} eval_ms=24
  Frame 9 saved (frame_008.jpg, t=353.0s)
  [capture-periodic] freeze=17ms shot=376ms unfreeze=24ms saved=True
  Frame 10 saved (frame_009.jpg, t=355.6s)
  [capture-periodic] freeze=28ms shot=370ms unfreeze=19ms saved=True
  Frame 11 saved (frame_010.jpg, t=358.3s)
  [capture-periodic] freeze=18ms shot=400ms unfreeze=21ms saved=True
  [capture-loop] iter=1400 t=360.4s state={'complete': False, 'error': None, 'executedCount': 1, 'wsState': 1} eval_ms=18
  Frame 12 saved (frame_011.jpg, t=360.8s)
  [capture-periodic] freeze=15ms shot=389ms unfreeze=18ms saved=True
  Frame 13 saved (frame_012.jpg, t=363.4s)
  [capture-periodic] freeze=26ms shot=422ms unfreeze=20ms saved=True
  Frame 14 saved (frame_013.jpg, t=365.9s)
  [capture-periodic] freeze=18ms shot=400ms unfreeze=23ms saved=True
  [capture-loop] iter=1450 t=369.8s state={'complete': False, 'error': None, 'executedCount': 1, 'wsState': 1} eval_ms=19
  Frame 15 saved (frame_014.jpg, t=373.6s)
  [capture-periodic] freeze=21ms shot=452ms unfreeze=23ms saved=True
  Frame 16 saved (frame_015.jpg, t=376.3s)
  [capture-periodic] freeze=25ms shot=510ms unfreeze=18ms saved=True
  [capture-loop] iter=1500 t=378.8s state={'complete': False, 'error': None, 'executedCount': 1, 'wsState': 1} eval_ms=21
  [capture-loop] iter=1550 t=387.8s state={'complete': False, 'error': None, 'executedCount': 1, 'wsState': 1} eval_ms=20
  [capture-loop] iter=1600 t=396.4s state={'complete': False, 'error': None, 'executedCount': 1, 'wsState': 1} eval_ms=15
  Frame 17 saved (frame_016.jpg, t=399.5s)
  [capture-periodic] freeze=17ms shot=429ms unfreeze=22ms saved=True
  Frame 18 saved (frame_017.jpg, t=404.8s)
  [capture-periodic] freeze=21ms shot=429ms unfreeze=27ms saved=True
  [capture-loop] iter=1650 t=405.8s state={'complete': False, 'error': None, 'executedCount': 1, 'wsState': 1} eval_ms=23
  Frame 19 saved (frame_018.jpg, t=407.4s)
  [capture-periodic] freeze=19ms shot=475ms unfreeze=24ms saved=True
  Frame 20 saved (frame_019.jpg, t=410.2s)
  [capture-periodic] freeze=19ms shot=480ms unfreeze=23ms saved=True
  [capture-loop] iter=1700 t=414.8s state={'complete': False, 'error': None, 'executedCount': 1, 'wsState': 1} eval_ms=18
  Frame 21 saved (frame_020.jpg, t=415.5s)
  [capture-periodic] freeze=20ms shot=368ms unfreeze=23ms saved=True
  Frame 22 saved (frame_021.jpg, t=418.0s)
  [capture-periodic] freeze=18ms shot=402ms unfreeze=24ms saved=True
  Frame 23 saved (frame_022.jpg, t=423.0s)
  [capture-periodic] freeze=20ms shot=496ms unfreeze=20ms saved=True
  [capture-loop] iter=1750 t=424.1s state={'complete': False, 'error': None, 'executedCount': 1, 'wsState': 1} eval_ms=19
  Frame 24 saved (frame_023.jpg, t=425.8s)
  [capture-periodic] freeze=18ms shot=456ms unfreeze=19ms saved=True
  Frame 25 saved (frame_024.jpg, t=428.4s)
  [capture-periodic] freeze=16ms shot=370ms unfreeze=26ms saved=True
  Frame 26 saved (frame_025.jpg, t=431.1s)
  [capture-periodic] freeze=16ms shot=330ms unfreeze=17ms saved=True
  [capture-loop] iter=1800 t=432.8s state={'complete': False, 'error': None, 'executedCount': 1, 'wsState': 1} eval_ms=17
  Frame 27 saved (frame_026.jpg, t=433.7s)
  [capture-periodic] freeze=15ms shot=385ms unfreeze=21ms saved=True
  [capture-loop] iter=1850 t=441.9s state={'complete': False, 'error': None, 'executedCount': 1, 'wsState': 1} eval_ms=21
  Frame 28 saved (frame_027.jpg, t=443.9s)
  [capture-periodic] freeze=17ms shot=845ms unfreeze=58ms saved=True
  [capture-loop] iter=1900 t=451.6s state={'complete': False, 'error': None, 'executedCount': 1, 'wsState': 1} eval_ms=25
  [capture-loop] iter=1950 t=461.6s state={'complete': False, 'error': None, 'executedCount': 1, 'wsState': 1} eval_ms=17
  [capture-loop] iter=2000 t=470.4s state={'complete': False, 'error': None, 'executedCount': 1, 'wsState': 1} eval_ms=23
  [capture-loop] iter=2050 t=479.4s state={'complete': False, 'error': None, 'executedCount': 1, 'wsState': 1} eval_ms=28
  Frame 29 saved (frame_028.jpg, t=483.3s)
  [capture-periodic] freeze=24ms shot=506ms unfreeze=28ms saved=True
  [capture-loop] iter=2100 t=488.5s state={'complete': False, 'error': None, 'executedCount': 1, 'wsState': 1} eval_ms=19
  [capture-loop] iter=2150 t=497.8s state={'complete': False, 'error': None, 'executedCount': 1, 'wsState': 1} eval_ms=27
  [capture-loop] iter=2200 t=506.9s state={'complete': False, 'error': None, 'executedCount': 1, 'wsState': 1} eval_ms=24
  Frame 30 saved (frame_029.jpg, t=511.3s)
  [capture-periodic] freeze=27ms shot=478ms unfreeze=20ms saved=True
  [capture-loop] iter=2250 t=515.9s state={'complete': False, 'error': None, 'executedCount': 1, 'wsState': 1} eval_ms=20
  [capture-loop] iter=2300 t=526.7s state={'complete': False, 'error': None, 'executedCount': 1, 'wsState': 1} eval_ms=28
  Frame 31 saved (frame_030.jpg, t=530.3s)
  [capture-periodic] freeze=34ms shot=4235ms unfreeze=25ms saved=True
  [capture-loop] iter=2350 t=543.2s state={'complete': False, 'error': None, 'executedCount': 1, 'wsState': 1} eval_ms=23
  [capture-loop] iter=2400 t=552.5s state={'complete': False, 'error': None, 'executedCount': 1, 'wsState': 1} eval_ms=22
  Frame 32 saved (frame_031.jpg, t=553.4s)
  [capture-periodic] freeze=22ms shot=7134ms unfreeze=22ms saved=True
  Frame 33 saved (frame_032.jpg, t=562.7s)
  [capture-periodic] freeze=20ms shot=2131ms unfreeze=25ms saved=True
  [capture-loop] iter=2450 t=573.9s state={'complete': False, 'error': None, 'executedCount': 1, 'wsState': 1} eval_ms=44
  [capture-loop] iter=2500 t=583.8s state={'complete': False, 'error': None, 'executedCount': 1, 'wsState': 1} eval_ms=27
  Frame 34 saved (frame_033.jpg, t=587.2s)
  [capture-periodic] freeze=20ms shot=544ms unfreeze=24ms saved=True
  [capture-loop] iter=2550 t=593.5s state={'complete': False, 'error': None, 'executedCount': 1, 'wsState': 1} eval_ms=21
  Frame 35 saved (frame_034.jpg, t=600.1s)
  [capture-periodic] freeze=21ms shot=388ms unfreeze=21ms saved=True
  [capture-loop] iter=2600 t=602.4s state={'complete': False, 'error': None, 'executedCount': 1, 'wsState': 1} eval_ms=31
  [capture-loop] iter=2650 t=611.7s state={'complete': False, 'error': None, 'executedCount': 1, 'wsState': 1} eval_ms=23
  [capture-loop] iter=2700 t=620.6s state={'complete': False, 'error': None, 'executedCount': 1, 'wsState': 1} eval_ms=33
  [capture-loop] iter=2750 t=630.4s state={'complete': False, 'error': None, 'executedCount': 1, 'wsState': 1} eval_ms=24
  [capture-loop] iter=2800 t=639.5s state={'complete': False, 'error': None, 'executedCount': 1, 'wsState': 1} eval_ms=21
  [capture-loop] iter=2850 t=649.1s state={'complete': False, 'error': None, 'executedCount': 1, 'wsState': 1} eval_ms=21
  [capture-loop] iter=2900 t=658.6s state={'complete': False, 'error': None, 'executedCount': 1, 'wsState': 1} eval_ms=24
  Node executed (2 total), capturing...
  Frame 36 saved (frame_035.jpg, t=659.9s)
  [capture-node] freeze=23ms shot=464ms unfreeze=24ms saved=True
  [capture-loop] iter=2950 t=668.2s state={'complete': False, 'error': None, 'executedCount': 2, 'wsState': 1} eval_ms=29
  [capture-loop] iter=3000 t=677.4s state={'complete': False, 'error': None, 'executedCount': 2, 'wsState': 1} eval_ms=21
  [capture-loop] iter=3050 t=687.0s state={'complete': False, 'error': None, 'executedCount': 2, 'wsState': 1} eval_ms=26
  [Console-error] No input!
  Node executed (3 total), capturing...
  Frame 37 saved (frame_036.jpg, t=691.0s)
  [capture-node] freeze=23ms shot=517ms unfreeze=22ms saved=True
  Execution complete (t=692.6s)
  Captured 37 unique frames over 692.71s
  [Console-warning] Canvas2D: Multiple readback operations using getImageData are faster with the willReadFrequently attribute set to true. See: https://html.spec.whatwg.org/multipage/canvas.html#concept-canvas-will-read-frequently
  [Console-error] No input!
  [debug] iframes: 1
  [debug]   iframe[0]: src=http://127.0.0.1:8288/extensions/ComfyUI-GeometryPack/viewer_vtk.html?v=17718451, canvas=535x639, rafFrozen=False
  [timing] trigger_3d_previews: 0.0s
  Saved high-quality screenshot: geometry_only_executed.png
  [timing] final_screenshot: 3.2s
    Captured 38 video frames