Capturing execution frames: geometry_texture.json
  [Console-error] Failed to load resource: the server responded with a status of 404 (Not Found)
  [Console-error] Failed to load resource: the server responded with a status of 404 (Not Found)
  [Console-error] Failed to load resource: the server responded with a status of 404 (Not Found)
  [Console-error] Failed to load resource: the server responded with a status of 404 (Not Found)
  [Console-error] Failed to load resource: the server responded with a status of 404 (Not Found)
  [Console-error] Failed to load resource: the server responded with a status of 404 (Not Found)
  [Console-warning] WARNING: Multiple instances of Three.js being imported.
  [Console-warning] [ComfyUI Deprecated] Importing from "scripts/ui.js" is deprecated and will be removed in v1.34.
  [Console-warning] [MaskEditor] ComfyApp.open_maskeditor is deprecated. Plugins should migrate to using the command system or direct node context menu integration.
  [Console-warning] [ComfyUI Deprecated] Importing from "scripts/ui/components/buttonGroup.js" is deprecated and will be removed in v1.34.
  [Console-warning] [ComfyUI Deprecated] Importing from "scripts/ui/components/button.js" is deprecated and will be removed in v1.34.
  [Console-error] Failed to load resource: the server responded with a status of 403 (Forbidden)
  [Console-error] Error loading model: HttpError: fetch for "http://127.0.0.1:8288/api/view?type=output&subfolder=%2Fhome%2Fshadeform%2Ftrellis2%2FComfyUI%2Foutput&filename=trellis2_20260222_171459.glb" responded with 403: Forbidden
    at http://127.0.0.1:8288/assets/vendor-three-BDtRe4OM.js:3824:95202
  [Console-error] Failed to load resource: the server responded with a status of 403 (Forbidden)
  [Console-error] Error loading model: HttpError: fetch for "http://127.0.0.1:8288/api/view?type=output&subfolder=%2Fhome%2Fshadeform%2Ftrellis2%2FComfyUI%2Foutput&filename=trellis2_20260222_171459.glb" responded with 403: Forbidden
    at http://127.0.0.1:8288/assets/vendor-three-BDtRe4OM.js:3824:95202
  [Console-error] Failed to load resource: the server responded with a status of 403 (Forbidden)
  Frame 1 saved (frame_000.jpg, t=0.0s)
  Validating workflow...
  Queuing workflow for execution...
  Node executed (1 total), capturing...
  Frame 2 saved (frame_001.jpg, t=2.2s)
  [capture-node] freeze=27ms shot=483ms unfreeze=21ms saved=True
  [capture-loop] iter=50 t=11.1s state={'complete': False, 'error': None, 'executedCount': 1, 'wsState': 1} eval_ms=20
  [capture-loop] iter=100 t=20.4s state={'complete': False, 'error': None, 'executedCount': 1, 'wsState': 1} eval_ms=41
  Frame 3 saved (frame_002.jpg, t=29.4s)
  [capture-periodic] freeze=45ms shot=778ms unfreeze=32ms saved=True
  [capture-loop] iter=150 t=31.2s state={'complete': False, 'error': None, 'executedCount': 1, 'wsState': 1} eval_ms=25
  [capture-loop] iter=200 t=41.4s state={'complete': False, 'error': None, 'executedCount': 1, 'wsState': 1} eval_ms=25
  [capture-loop] iter=250 t=50.9s state={'complete': False, 'error': None, 'executedCount': 1, 'wsState': 1} eval_ms=33
  Frame 4 saved (frame_003.jpg, t=57.1s)
  [capture-periodic] freeze=20ms shot=474ms unfreeze=29ms saved=True
  [capture-loop] iter=300 t=61.3s state={'complete': False, 'error': None, 'executedCount': 1, 'wsState': 1} eval_ms=30
  Frame 5 saved (frame_004.jpg, t=62.5s)
  [capture-periodic] freeze=49ms shot=632ms unfreeze=34ms saved=True
  [capture-loop] iter=350 t=71.9s state={'complete': False, 'error': None, 'executedCount': 1, 'wsState': 1} eval_ms=27
  [capture-loop] iter=400 t=81.1s state={'complete': False, 'error': None, 'executedCount': 1, 'wsState': 1} eval_ms=29
  [capture-loop] iter=450 t=91.0s state={'complete': False, 'error': None, 'executedCount': 1, 'wsState': 1} eval_ms=29
  Frame 6 saved (frame_005.jpg, t=95.3s)
  [capture-periodic] freeze=17ms shot=471ms unfreeze=25ms saved=True
  Frame 7 saved (frame_006.jpg, t=98.1s)
  [capture-periodic] freeze=24ms shot=636ms unfreeze=23ms saved=True
  [capture-loop] iter=500 t=100.8s state={'complete': False, 'error': None, 'executedCount': 1, 'wsState': 1} eval_ms=28
  Frame 8 saved (frame_007.jpg, t=100.9s)
  [capture-periodic] freeze=29ms shot=530ms unfreeze=24ms saved=True
  Frame 9 saved (frame_008.jpg, t=103.7s)
  [capture-periodic] freeze=20ms shot=392ms unfreeze=30ms saved=True
  Frame 10 saved (frame_009.jpg, t=106.3s)
  [capture-periodic] freeze=40ms shot=545ms unfreeze=24ms saved=True
  Frame 11 saved (frame_010.jpg, t=109.0s)
  [capture-periodic] freeze=20ms shot=515ms unfreeze=20ms saved=True
  [capture-loop] iter=550 t=111.0s state={'complete': False, 'error': None, 'executedCount': 1, 'wsState': 1} eval_ms=24
  Frame 12 saved (frame_011.jpg, t=111.8s)
  [capture-periodic] freeze=17ms shot=370ms unfreeze=30ms saved=True
  Frame 13 saved (frame_012.jpg, t=114.3s)
  [capture-periodic] freeze=22ms shot=587ms unfreeze=39ms saved=True
  Frame 14 saved (frame_013.jpg, t=119.9s)
  [capture-periodic] freeze=21ms shot=463ms unfreeze=23ms saved=True
  [capture-loop] iter=600 t=121.2s state={'complete': False, 'error': None, 'executedCount': 1, 'wsState': 1} eval_ms=28
  Frame 15 saved (frame_014.jpg, t=122.6s)
  [capture-periodic] freeze=23ms shot=501ms unfreeze=23ms saved=True
  [capture-loop] iter=650 t=130.4s state={'complete': False, 'error': None, 'executedCount': 1, 'wsState': 1} eval_ms=16
  [capture-loop] iter=700 t=139.7s state={'complete': False, 'error': None, 'executedCount': 1, 'wsState': 1} eval_ms=73
  Frame 16 saved (frame_015.jpg, t=143.5s)
  [capture-periodic] freeze=21ms shot=564ms unfreeze=23ms saved=True
  Frame 17 saved (frame_016.jpg, t=146.3s)
  [capture-periodic] freeze=18ms shot=515ms unfreeze=21ms saved=True
  [capture-loop] iter=750 t=149.7s state={'complete': False, 'error': None, 'executedCount': 1, 'wsState': 1} eval_ms=17
  Frame 18 saved (frame_017.jpg, t=151.6s)
  [capture-periodic] freeze=19ms shot=530ms unfreeze=20ms saved=True
  Frame 19 saved (frame_018.jpg, t=154.4s)
  [capture-periodic] freeze=38ms shot=573ms unfreeze=24ms saved=True
  Frame 20 saved (frame_019.jpg, t=157.3s)
  [capture-periodic] freeze=14ms shot=481ms unfreeze=18ms saved=True
  [capture-loop] iter=800 t=159.3s state={'complete': False, 'error': None, 'executedCount': 1, 'wsState': 1} eval_ms=26
  Frame 21 saved (frame_020.jpg, t=162.5s)
  [capture-periodic] freeze=28ms shot=392ms unfreeze=19ms saved=True
  Frame 22 saved (frame_021.jpg, t=167.8s)
  [capture-periodic] freeze=22ms shot=591ms unfreeze=22ms saved=True
  [capture-loop] iter=850 t=169.1s state={'complete': False, 'error': None, 'executedCount': 1, 'wsState': 1} eval_ms=22
  Frame 23 saved (frame_022.jpg, t=170.6s)
  [capture-periodic] freeze=18ms shot=557ms unfreeze=22ms saved=True
  Frame 24 saved (frame_023.jpg, t=175.8s)
  [capture-periodic] freeze=19ms shot=407ms unfreeze=24ms saved=True
  [capture-loop] iter=900 t=178.4s state={'complete': False, 'error': None, 'executedCount': 1, 'wsState': 1} eval_ms=35
  Frame 25 saved (frame_024.jpg, t=178.8s)
  [capture-periodic] freeze=24ms shot=558ms unfreeze=28ms saved=True
  Frame 26 saved (frame_025.jpg, t=181.6s)
  [capture-periodic] freeze=22ms shot=532ms unfreeze=20ms saved=True
  Frame 27 saved (frame_026.jpg, t=187.0s)
  [capture-periodic] freeze=20ms shot=641ms unfreeze=30ms saved=True
  [capture-loop] iter=950 t=188.7s state={'complete': False, 'error': None, 'executedCount': 1, 'wsState': 1} eval_ms=22
  [capture-loop] iter=1000 t=197.6s state={'complete': False, 'error': None, 'executedCount': 1, 'wsState': 1} eval_ms=21
  [capture-loop] iter=1050 t=207.2s state={'complete': False, 'error': None, 'executedCount': 1, 'wsState': 1} eval_ms=31
  [capture-loop] iter=1100 t=216.8s state={'complete': False, 'error': None, 'executedCount': 1, 'wsState': 1} eval_ms=31
  Frame 28 saved (frame_027.jpg, t=221.3s)
  [capture-periodic] freeze=26ms shot=474ms unfreeze=36ms saved=True
  [capture-loop] iter=1150 t=234.3s state={'complete': False, 'error': None, 'executedCount': 1, 'wsState': 1} eval_ms=19
  [capture-loop] iter=1200 t=244.2s state={'complete': False, 'error': None, 'executedCount': 1, 'wsState': 1} eval_ms=36
  [capture-loop] iter=1250 t=253.3s state={'complete': False, 'error': None, 'executedCount': 1, 'wsState': 1} eval_ms=24
  Frame 29 saved (frame_028.jpg, t=259.3s)
  [capture-periodic] freeze=23ms shot=6475ms unfreeze=19ms saved=True
  Frame 30 saved (frame_029.jpg, t=267.9s)
  [capture-periodic] freeze=21ms shot=580ms unfreeze=16ms saved=True
  [capture-loop] iter=1300 t=269.4s state={'complete': False, 'error': None, 'executedCount': 1, 'wsState': 1} eval_ms=6
  Frame 31 saved (frame_030.jpg, t=273.6s)
  [capture-periodic] freeze=20ms shot=483ms unfreeze=25ms saved=True
  Frame 32 saved (frame_031.jpg, t=276.2s)
  [capture-periodic] freeze=22ms shot=665ms unfreeze=23ms saved=True
  [capture-loop] iter=1350 t=279.1s state={'complete': False, 'error': None, 'executedCount': 1, 'wsState': 1} eval_ms=32
  [capture-loop] iter=1400 t=289.6s state={'complete': False, 'error': None, 'executedCount': 1, 'wsState': 1} eval_ms=22
  [capture-loop] iter=1450 t=299.5s state={'complete': False, 'error': None, 'executedCount': 1, 'wsState': 1} eval_ms=24
  [capture-loop] iter=1500 t=309.1s state={'complete': False, 'error': None, 'executedCount': 1, 'wsState': 1} eval_ms=24
  [capture-loop] iter=1550 t=319.0s state={'complete': False, 'error': None, 'executedCount': 1, 'wsState': 1} eval_ms=29
  Frame 33 saved (frame_032.jpg, t=325.7s)
  [capture-periodic] freeze=22ms shot=840ms unfreeze=28ms saved=True
  Frame 34 saved (frame_033.jpg, t=328.8s)
  [capture-periodic] freeze=20ms shot=499ms unfreeze=31ms saved=True
  [capture-loop] iter=1600 t=329.7s state={'complete': False, 'error': None, 'executedCount': 1, 'wsState': 1} eval_ms=29
  Frame 35 saved (frame_034.jpg, t=334.3s)
  [capture-periodic] freeze=22ms shot=572ms unfreeze=32ms saved=True
  [capture-loop] iter=1650 t=339.2s state={'complete': False, 'error': None, 'executedCount': 1, 'wsState': 1} eval_ms=31
  Frame 36 saved (frame_035.jpg, t=339.9s)
  [capture-periodic] freeze=26ms shot=578ms unfreeze=37ms saved=True
  Frame 37 saved (frame_036.jpg, t=345.9s)
  [capture-periodic] freeze=19ms shot=669ms unfreeze=25ms saved=True
  Frame 38 saved (frame_037.jpg, t=348.8s)
  [capture-periodic] freeze=67ms shot=2510ms unfreeze=26ms saved=True
  [capture-loop] iter=1700 t=353.2s state={'complete': False, 'error': None, 'executedCount': 1, 'wsState': 1} eval_ms=24
  Frame 39 saved (frame_038.jpg, t=353.7s)
  [capture-periodic] freeze=32ms shot=497ms unfreeze=22ms saved=True
  Frame 40 saved (frame_039.jpg, t=359.0s)
  [capture-periodic] freeze=24ms shot=541ms unfreeze=20ms saved=True
  Frame 41 saved (frame_040.jpg, t=361.7s)
  [capture-periodic] freeze=18ms shot=682ms unfreeze=29ms saved=True
  [capture-loop] iter=1750 t=363.3s state={'complete': False, 'error': None, 'executedCount': 1, 'wsState': 1} eval_ms=20
  Frame 42 saved (frame_041.jpg, t=364.6s)
  [capture-periodic] freeze=23ms shot=494ms unfreeze=33ms saved=True
  [capture-loop] iter=1800 t=372.6s state={'complete': False, 'error': None, 'executedCount': 1, 'wsState': 1} eval_ms=24
  Frame 43 saved (frame_042.jpg, t=372.7s)
  [capture-periodic] freeze=16ms shot=397ms unfreeze=18ms saved=True
  [capture-loop] iter=1850 t=382.3s state={'complete': False, 'error': None, 'executedCount': 1, 'wsState': 1} eval_ms=22
  [capture-loop] iter=1900 t=392.2s state={'complete': False, 'error': None, 'executedCount': 1, 'wsState': 1} eval_ms=23
  [capture-loop] iter=1950 t=401.3s state={'complete': False, 'error': None, 'executedCount': 1, 'wsState': 1} eval_ms=26
  [capture-loop] iter=2000 t=412.1s state={'complete': False, 'error': None, 'executedCount': 1, 'wsState': 1} eval_ms=21
  Frame 44 saved (frame_043.jpg, t=418.6s)
  [capture-periodic] freeze=24ms shot=410ms unfreeze=17ms saved=True
  [capture-loop] iter=2050 t=422.6s state={'complete': False, 'error': None, 'executedCount': 1, 'wsState': 1} eval_ms=32
  Frame 45 saved (frame_044.jpg, t=429.4s)
  [capture-periodic] freeze=48ms shot=599ms unfreeze=29ms saved=True
  [capture-loop] iter=2100 t=432.4s state={'complete': False, 'error': None, 'executedCount': 1, 'wsState': 1} eval_ms=31
  [capture-loop] iter=2150 t=442.3s state={'complete': False, 'error': None, 'executedCount': 1, 'wsState': 1} eval_ms=28
  [capture-loop] iter=2200 t=453.1s state={'complete': False, 'error': None, 'executedCount': 1, 'wsState': 1} eval_ms=21
  [capture-loop] iter=2250 t=463.0s state={'complete': False, 'error': None, 'executedCount': 1, 'wsState': 1} eval_ms=21
  [capture-loop] iter=2300 t=472.6s state={'complete': False, 'error': None, 'executedCount': 1, 'wsState': 1} eval_ms=30
  [capture-loop] iter=2350 t=482.2s state={'complete': False, 'error': None, 'executedCount': 1, 'wsState': 1} eval_ms=22
  [capture-loop] iter=2400 t=491.1s state={'complete': False, 'error': None, 'executedCount': 1, 'wsState': 1} eval_ms=24
  [capture-loop] iter=2450 t=501.5s state={'complete': False, 'error': None, 'executedCount': 1, 'wsState': 1} eval_ms=19
  [capture-loop] iter=2500 t=510.5s state={'complete': False, 'error': None, 'executedCount': 1, 'wsState': 1} eval_ms=22
  [capture-loop] iter=2550 t=520.2s state={'complete': False, 'error': None, 'executedCount': 1, 'wsState': 1} eval_ms=19
  [capture-loop] iter=2600 t=529.3s state={'complete': False, 'error': None, 'executedCount': 1, 'wsState': 1} eval_ms=20
  [capture-loop] iter=2650 t=539.3s state={'complete': False, 'error': None, 'executedCount': 1, 'wsState': 1} eval_ms=27
  Node executed (2 total), capturing...
  Frame 46 saved (frame_045.jpg, t=543.3s)
  [capture-node] freeze=56ms shot=621ms unfreeze=0ms saved=True
  Execution complete (t=543.3s)
  [3d-wait] Phase 1: Waiting for 'Loading 3D Model' text to disappear...
  [Console-error] Failed to load resource: the server responded with a status of 404 (Not Found)
  [Console-error] Failed to load resource: the server responded with a status of 404 (Not Found)
  [3d-wait] Phase 1 exception after 60.1s: Page.wait_for_function: Timeout 60000ms exceeded.
  [3d-wait] Phase 2: iframes=0
  [3d-wait] Total 3D wait: 60.1s
  Captured 46 unique frames over 604.41s
  [debug] iframes: 0
  [timing] trigger_3d_previews: 0.1s
  Saved high-quality screenshot: geometry_texture_executed.png
  [timing] final_screenshot: 3.0s
    Captured 47 video frames