Capturing execution frames: remove_background.json
  [Console-error] Failed to load resource: the server responded with a status of 404 (Not Found)
  [Console-error] Failed to load resource: the server responded with a status of 404 (Not Found)
  [Console-error] Failed to load resource: the server responded with a status of 404 (Not Found)
  [Console-error] Failed to load resource: the server responded with a status of 404 (Not Found)
  [Console-error] Failed to load resource: the server responded with a status of 404 (Not Found)
  [Console-error] Failed to load resource: the server responded with a status of 404 (Not Found)
  [Console-warning] [ComfyUI Deprecated] Importing from "scripts/ui.js" is deprecated and will be removed in v1.34.
  [Console-warning] WARNING: Multiple instances of Three.js being imported.
  [Console-warning] [MaskEditor] ComfyApp.open_maskeditor is deprecated. Plugins should migrate to using the command system or direct node context menu integration.
  [Console-warning] [ComfyUI Deprecated] Importing from "scripts/ui/components/buttonGroup.js" is deprecated and will be removed in v1.34.
  [Console-warning] [ComfyUI Deprecated] Importing from "scripts/ui/components/button.js" is deprecated and will be removed in v1.34.
  [Console-warning] Canvas2D: Multiple readback operations using getImageData are faster with the willReadFrequently attribute set to true. See: https://html.spec.whatwg.org/multipage/canvas.html#concept-canvas-will-read-frequently
  [Console-error] No input!
  Frame 1 saved (frame_000.jpg, t=0.0s)
  Validating workflow...
  Queuing workflow for execution...
  Frame 2 saved (frame_001.jpg, t=3.3s)
  [capture-periodic] freeze=28ms shot=684ms unfreeze=25ms saved=True
  Frame 3 saved (frame_002.jpg, t=6.3s)
  [capture-periodic] freeze=32ms shot=927ms unfreeze=37ms saved=True
  [capture-loop] iter=50 t=12.2s state={'complete': False, 'error': None, 'executedCount': 0, 'wsState': 1} eval_ms=37
  [capture-loop] iter=100 t=23.3s state={'complete': False, 'error': None, 'executedCount': 0, 'wsState': 1} eval_ms=34
  [capture-loop] iter=150 t=33.5s state={'complete': False, 'error': None, 'executedCount': 0, 'wsState': 1} eval_ms=22
  [capture-loop] iter=200 t=43.6s state={'complete': False, 'error': None, 'executedCount': 0, 'wsState': 1} eval_ms=20
  [capture-loop] iter=250 t=52.2s state={'complete': False, 'error': None, 'executedCount': 0, 'wsState': 1} eval_ms=24
  [capture-loop] iter=300 t=61.7s state={'complete': False, 'error': None, 'executedCount': 0, 'wsState': 1} eval_ms=23
  [capture-loop] iter=350 t=70.8s state={'complete': False, 'error': None, 'executedCount': 0, 'wsState': 1} eval_ms=25
  [capture-loop] iter=400 t=81.5s state={'complete': False, 'error': None, 'executedCount': 0, 'wsState': 1} eval_ms=36
  [capture-loop] iter=450 t=92.5s state={'complete': False, 'error': None, 'executedCount': 0, 'wsState': 1} eval_ms=28
  [capture-loop] iter=500 t=102.4s state={'complete': False, 'error': None, 'executedCount': 0, 'wsState': 1} eval_ms=26
  Frame 4 saved (frame_003.jpg, t=106.8s)
  [capture-periodic] freeze=14ms shot=866ms unfreeze=27ms saved=True
  Node executed (1 total), capturing...
  Frame 5 saved (frame_004.jpg, t=108.2s)
  [capture-node] freeze=27ms shot=523ms unfreeze=29ms saved=True
  [capture-loop] iter=550 t=113.1s state={'complete': False, 'error': None, 'executedCount': 1, 'wsState': 1} eval_ms=24
  Frame 6 saved (frame_005.jpg, t=113.5s)
  [capture-periodic] freeze=22ms shot=401ms unfreeze=26ms saved=True
  [capture-loop] iter=600 t=122.6s state={'complete': False, 'error': None, 'executedCount': 1, 'wsState': 1} eval_ms=24
  [capture-loop] iter=650 t=131.5s state={'complete': False, 'error': None, 'executedCount': 1, 'wsState': 1} eval_ms=25
  [capture-loop] iter=700 t=141.6s state={'complete': False, 'error': None, 'executedCount': 1, 'wsState': 1} eval_ms=28
  Frame 7 saved (frame_006.jpg, t=142.4s)
  [capture-periodic] freeze=55ms shot=764ms unfreeze=22ms saved=True
  [capture-loop] iter=750 t=152.0s state={'complete': False, 'error': None, 'executedCount': 1, 'wsState': 1} eval_ms=28
  Frame 8 saved (frame_007.jpg, t=153.4s)
  [capture-periodic] freeze=22ms shot=540ms unfreeze=22ms saved=True
  [capture-loop] iter=800 t=161.7s state={'complete': False, 'error': None, 'executedCount': 1, 'wsState': 1} eval_ms=24
  [capture-loop] iter=850 t=171.7s state={'complete': False, 'error': None, 'executedCount': 1, 'wsState': 1} eval_ms=26
  [capture-loop] iter=900 t=181.8s state={'complete': False, 'error': None, 'executedCount': 1, 'wsState': 1} eval_ms=35
  [capture-loop] iter=950 t=190.6s state={'complete': False, 'error': None, 'executedCount': 1, 'wsState': 1} eval_ms=25
  Frame 9 saved (frame_008.jpg, t=196.2s)
  [capture-periodic] freeze=29ms shot=521ms unfreeze=16ms saved=True
  Frame 10 saved (frame_009.jpg, t=199.0s)
  [capture-periodic] freeze=23ms shot=600ms unfreeze=68ms saved=True
  [capture-loop] iter=1000 t=200.7s state={'complete': False, 'error': None, 'executedCount': 1, 'wsState': 1} eval_ms=29
  Frame 11 saved (frame_010.jpg, t=201.9s)
  [capture-periodic] freeze=26ms shot=529ms unfreeze=16ms saved=True
  Frame 12 saved (frame_011.jpg, t=205.2s)
  [capture-periodic] freeze=21ms shot=464ms unfreeze=19ms saved=True
  Frame 13 saved (frame_012.jpg, t=207.9s)
  [capture-periodic] freeze=21ms shot=500ms unfreeze=24ms saved=True
  [capture-loop] iter=1050 t=210.6s state={'complete': False, 'error': None, 'executedCount': 1, 'wsState': 1} eval_ms=23
  Frame 14 saved (frame_013.jpg, t=210.7s)
  [capture-periodic] freeze=28ms shot=419ms unfreeze=24ms saved=True
  Frame 15 saved (frame_014.jpg, t=213.4s)
  [capture-periodic] freeze=19ms shot=366ms unfreeze=20ms saved=True
  Frame 16 saved (frame_015.jpg, t=216.0s)
  [capture-periodic] freeze=21ms shot=596ms unfreeze=20ms saved=True
  [capture-loop] iter=1100 t=220.1s state={'complete': False, 'error': None, 'executedCount': 1, 'wsState': 1} eval_ms=18
  Frame 17 saved (frame_016.jpg, t=221.3s)
  [capture-periodic] freeze=23ms shot=411ms unfreeze=22ms saved=True
  Frame 18 saved (frame_017.jpg, t=223.9s)
  [capture-periodic] freeze=21ms shot=533ms unfreeze=46ms saved=True
  [capture-loop] iter=1150 t=228.9s state={'complete': False, 'error': None, 'executedCount': 1, 'wsState': 1} eval_ms=24
  [capture-loop] iter=1200 t=238.1s state={'complete': False, 'error': None, 'executedCount': 1, 'wsState': 1} eval_ms=29
  [capture-loop] iter=1250 t=247.3s state={'complete': False, 'error': None, 'executedCount': 1, 'wsState': 1} eval_ms=21
  [capture-loop] iter=1300 t=257.1s state={'complete': False, 'error': None, 'executedCount': 1, 'wsState': 1} eval_ms=34
  [capture-loop] iter=1350 t=269.2s state={'complete': False, 'error': None, 'executedCount': 1, 'wsState': 1} eval_ms=32
  Frame 19 saved (frame_018.jpg, t=278.1s)
  [capture-periodic] freeze=17ms shot=381ms unfreeze=23ms saved=True
  [capture-loop] iter=1400 t=278.9s state={'complete': False, 'error': None, 'executedCount': 1, 'wsState': 1} eval_ms=18
  Frame 20 saved (frame_019.jpg, t=280.6s)
  [capture-periodic] freeze=21ms shot=606ms unfreeze=24ms saved=True
  Frame 21 saved (frame_020.jpg, t=286.1s)
  [capture-periodic] freeze=18ms shot=420ms unfreeze=20ms saved=True
  [capture-loop] iter=1450 t=288.2s state={'complete': False, 'error': None, 'executedCount': 1, 'wsState': 1} eval_ms=21
  Frame 22 saved (frame_021.jpg, t=288.7s)
  [capture-periodic] freeze=19ms shot=404ms unfreeze=19ms saved=True
  Frame 23 saved (frame_022.jpg, t=291.4s)
  [capture-periodic] freeze=21ms shot=772ms unfreeze=25ms saved=True
  Frame 24 saved (frame_023.jpg, t=297.0s)
  [capture-periodic] freeze=16ms shot=536ms unfreeze=21ms saved=True
  [capture-loop] iter=1500 t=298.5s state={'complete': False, 'error': None, 'executedCount': 1, 'wsState': 1} eval_ms=23
  Frame 25 saved (frame_024.jpg, t=299.7s)
  [capture-periodic] freeze=27ms shot=509ms unfreeze=22ms saved=True
  Frame 26 saved (frame_025.jpg, t=302.4s)
  [capture-periodic] freeze=24ms shot=429ms unfreeze=46ms saved=True
  [capture-loop] iter=1550 t=307.8s state={'complete': False, 'error': None, 'executedCount': 1, 'wsState': 1} eval_ms=18
  Frame 27 saved (frame_026.jpg, t=307.8s)
  [capture-periodic] freeze=22ms shot=553ms unfreeze=17ms saved=True
  Frame 28 saved (frame_027.jpg, t=310.6s)
  [capture-periodic] freeze=19ms shot=458ms unfreeze=30ms saved=True
  Frame 29 saved (frame_028.jpg, t=313.2s)
  [capture-periodic] freeze=26ms shot=438ms unfreeze=19ms saved=True
  [capture-loop] iter=1600 t=317.4s state={'complete': False, 'error': None, 'executedCount': 1, 'wsState': 1} eval_ms=22
  Frame 30 saved (frame_029.jpg, t=321.4s)
  [capture-periodic] freeze=20ms shot=400ms unfreeze=22ms saved=True
  [capture-loop] iter=1650 t=327.5s state={'complete': False, 'error': None, 'executedCount': 1, 'wsState': 1} eval_ms=34
  [capture-loop] iter=1700 t=336.3s state={'complete': False, 'error': None, 'executedCount': 1, 'wsState': 1} eval_ms=29
  [capture-loop] iter=1750 t=346.2s state={'complete': False, 'error': None, 'executedCount': 1, 'wsState': 1} eval_ms=27
  [capture-loop] iter=1800 t=355.7s state={'complete': False, 'error': None, 'executedCount': 1, 'wsState': 1} eval_ms=24
  Frame 31 saved (frame_030.jpg, t=360.9s)
  [capture-periodic] freeze=19ms shot=377ms unfreeze=18ms saved=True
  Frame 32 saved (frame_031.jpg, t=363.6s)
  [capture-periodic] freeze=25ms shot=5949ms unfreeze=155ms saved=True
  [capture-loop] iter=1850 t=371.1s state={'complete': False, 'error': None, 'executedCount': 1, 'wsState': 1} eval_ms=28
  Frame 33 saved (frame_032.jpg, t=372.0s)
  [capture-periodic] freeze=22ms shot=1616ms unfreeze=33ms saved=True
  Frame 34 saved (frame_033.jpg, t=375.9s)
  [capture-periodic] freeze=21ms shot=8019ms unfreeze=26ms saved=True
  Frame 35 saved (frame_034.jpg, t=386.1s)
  [capture-periodic] freeze=29ms shot=6167ms unfreeze=31ms saved=True
  Frame 36 saved (frame_035.jpg, t=394.6s)
  [capture-periodic] freeze=21ms shot=589ms unfreeze=27ms saved=True
  [capture-loop] iter=1900 t=398.1s state={'complete': False, 'error': None, 'executedCount': 1, 'wsState': 1} eval_ms=24
  Frame 37 saved (frame_036.jpg, t=400.0s)
  [capture-periodic] freeze=22ms shot=441ms unfreeze=25ms saved=True
  [capture-loop] iter=1950 t=407.6s state={'complete': False, 'error': None, 'executedCount': 1, 'wsState': 1} eval_ms=28
  [capture-loop] iter=2000 t=417.9s state={'complete': False, 'error': None, 'executedCount': 1, 'wsState': 1} eval_ms=20
  [capture-loop] iter=2050 t=427.7s state={'complete': False, 'error': None, 'executedCount': 1, 'wsState': 1} eval_ms=24
  [capture-loop] iter=2100 t=436.6s state={'complete': False, 'error': None, 'executedCount': 1, 'wsState': 1} eval_ms=26
  Node executed (2 total), capturing...
  Frame 38 saved (frame_037.jpg, t=440.8s)
  [capture-node] freeze=25ms shot=594ms unfreeze=47ms saved=True
  [capture-loop] iter=2150 t=448.0s state={'complete': False, 'error': None, 'executedCount': 2, 'wsState': 1} eval_ms=24
  [Console-error] No input!
  Node executed (3 total), capturing...
  Frame 39 saved (frame_038.jpg, t=458.2s)
  [capture-node] freeze=41ms shot=521ms unfreeze=0ms saved=True
  Execution complete (t=458.2s)
  Captured 39 unique frames over 458.93s
  [debug] iframes: 1
  [debug]   iframe[0]: src=http://127.0.0.1:8288/extensions/ComfyUI-GeometryPack/viewer_vtk.html?v=17718462, canvas=588x641, rafFrozen=True
  [timing] trigger_3d_previews: 0.0s
  [Console-warning] Canvas2D: Multiple readback operations using getImageData are faster with the willReadFrequently attribute set to true. See: https://html.spec.whatwg.org/multipage/canvas.html#concept-canvas-will-read-frequently
  [Console-error] No input!
  Saved high-quality screenshot: remove_background_executed.png
  [timing] final_screenshot: 4.6s
    Captured 40 video frames