[Console-error] Failed to load resource: the server responded with a status of 404 (Not Found)
[Console-error] Failed to load resource: the server responded with a status of 404 (Not Found)
[Console-error] Failed to load resource: the server responded with a status of 404 (Not Found)
[Console-error] Failed to load resource: the server responded with a status of 404 (Not Found)
[Console-error] Failed to load resource: the server responded with a status of 404 (Not Found)
[Console-error] Failed to load resource: the server responded with a status of 404 (Not Found)
[Console-log] [VTK Bundle] GLTFImporter included in bundle
[Console-warning] WARNING: Multiple instances of Three.js being imported.
[Console-log] [FBX Preview] Auto-registering for all known FBX preview node types...
[Console-log] [UniRig] Loading FBX mesh preview extension...
[Console-log] [UniRig] Detected extension folder: ComfyUI-GeometryPack
[Console-log] [UniRig] FBX mesh preview extension registered
[Console-log] [SAM3DBody] Loading FBX mesh preview extension...
[Console-log] [SAM3DBody] Detected extension folder: ComfyUI-GeometryPack
[Console-log] [SAM3DBody] FBX mesh preview extension registered
[Console-log] [MotionCapture] Loading FBX mesh preview extension...
[Console-log] [MotionCapture] Detected extension folder: ComfyUI-GeometryPack
[Console-log] [MotionCapture] FBX mesh preview extension registered
[Console-log] [MotionCapture] Loading FBX mesh preview extension...
[Console-log] [MotionCapture] Detected extension folder: ComfyUI-GeometryPack
[Console-log] [MotionCapture] FBX mesh preview extension registered
[Console-log] [BVHViewer] Loading BVH Viewer extension
[Console-log] [BVHViewer] Loading BVH viewer extension...
[Console-log] [BVHViewer] Extension registered: comfy3d.bvhviewer
[Console-log] [DynamicWidgets] Loading extension...
[Console-log] [DynamicWidgets] Extension registered
[Console-log] [UniRig Compare] Loading compare skeleton widget...
[Console-log] [UniRig Compare] Detected extension folder: ComfyUI-GeometryPack
[Console-log] [UniRig Compare] Compare skeleton widget registered
[Console-log] [GeomPack] Loading VTK.js textured mesh preview extension...
[Console-log] [GeomPack] VTK.js textured mesh preview extension registered
[Console-log] [CompareSMPLBVH] Loading Compare SMPL BVH extension
[Console-log] [CompareSMPLBVH] Loading Compare SMPL BVH extension...
[Console-log] [CompareSMPLBVH] Extension registered: comfy3d.comparesmplbvh
[Console-log] [GeomPack Gaussian] Loading extension...
[Console-log] [GeomPack] Loading UV mesh preview extension...
[Console-log] [GeomPack] UV mesh preview extension registered
[Console-log] [FBXAnimationViewer] Loading FBX Animation Viewer extension
[Console-log] [FBXAnimationViewer] Loading FBX Animation Viewer extension...
[Console-log] [FBXAnimationViewer] Extension registered: comfy3d.fbxanimationviewer
[Console-log] [UniRig Debug] Loading FBX mesh preview extension...
[Console-log] [UniRig Debug] Detected extension folder: ComfyUI-GeometryPack
[Console-log] [UniRig Debug] FBX mesh preview extension registered
[Console-log] [GeomPack Multi JS] Loading mesh_preview_multi.js extension
[Console-log] [GeomPack] Loading mesh preview extension...
[Console-log] [GeomPack] Mesh preview extension registered
[Console-warning] [MaskEditor] ComfyApp.open_maskeditor is deprecated. Plugins should migrate to using the command system or direct node context menu integration.
[Console-log] [DynamicWidgets] Loaded mappings for 6 nodes
[Console-log] [GeomPack] Registering Preview Mesh node
[Console-log] [GeomPack] Registering Preview Mesh UV node
[Console-log] [GeomPack Gaussian] Registering Preview Gaussian node
[Console-error] THREE.WebGLRenderer: A WebGL context could not be created. Reason:  Could not create a WebGL context, VENDOR = 0xffff, DEVICE = 0xffff, GL_VENDOR = Google Inc. (Mesa), GL_RENDERER = ANGLE (Mesa, llvmpipe (LLVM 20.1.2 256 bits), OpenGL 4.5 (Core Profile) Mesa 25.2.8-0ubuntu0.24.04.1), GL_VERSION = 25.2.8, Sandboxed = no, Optimus = no, AMD switchable = no, Reset notification strategy = 0x8261, ErrorMessage = BindToCurrentSequence failed: .
[Console-error] THREE.WebGLRenderer: A WebGL context could not be created. Reason:  Could not create a WebGL context, VENDOR = 0xffff, DEVICE = 0xffff, GL_VENDOR = Google Inc. (Mesa), GL_RENDERER = ANGLE (Mesa, llvmpipe (LLVM 20.1.2 256 bits), OpenGL 4.5 (Core Profile) Mesa 25.2.8-0ubuntu0.24.04.1), GL_VERSION = 25.2.8, Sandboxed = no, Optimus = no, AMD switchable = no, Reset notification strategy = 0x8261, ErrorMessage = BindToCurrentSequence failed: .
[Console-error] THREE.WebGLRenderer: Error creating WebGL context.
[Console-error] Error initializing Load3d: Error: Error creating WebGL context.
    at new WebGLRenderer (http://127.0.0.1:8188/assets/vendor-three-BDtRe4OM.js:3824:10777)
    at new Load3d (http://127.0.0.1:8188/assets/dialogService-Cr3DyAja.js:18:6948)
    at Proxy.initializeLoad3d (http://127.0.0.1:8188/assets/dialogService-Cr3DyAja.js:18:20777)
    at http://127.0.0.1:8188/assets/Load3D-er4iDy_w.js:1:1426
    at http://127.0.0.1:8188/assets/vendor-primevue-D50rA9nL.js:3:56394
    at callWithErrorHandling (http://127.0.0.1:8188/assets/vendor-primevue-D50rA9nL.js:2:152464)
    at callWithAsyncErrorHandling (http://127.0.0.1:8188/assets/vendor-primevue-D50rA9nL.js:2:152574)
    at t.__weh (http://127.0.0.1:8188/assets/vendor-primevue-D50rA9nL.js:3:5140)
    at flushPostFlushCbs (http://127.0.0.1:8188/assets/vendor-primevue-D50rA9nL.js:2:154217)
    at flushJobs (http://127.0.0.1:8188/assets/vendor-primevue-D50rA9nL.js:2:154503)
[Console-log] [VTK Bundle] GLTFImporter included in bundle
[Console-log] [GeomPack VTK Viewer] Initializing unified viewer...
[Console-error] no webgl context
[Console-log] [comfy-test] graphToPrompt: 9 nodes, missing class_type: [], sample: {"inputs":{"image":"bike.webp"},"class_type":"LoadImage","_meta":{"title":"Load Image"}}
[Console-log] [VTK Bundle] GLTFImporter included in bundle
[Console-log] [GeomPack VTK Viewer] Initializing unified viewer...
[Console-error] no webgl context