Capturing execution frames: geometry_only.json
  [Console-error] Failed to load resource: the server responded with a status of 404 (Not Found)
  [Console-error] Failed to load resource: the server responded with a status of 404 (Not Found)
  [Console-error] Failed to load resource: the server responded with a status of 404 (Not Found)
  [Console-error] Failed to load resource: the server responded with a status of 404 (Not Found)
  [Console-error] Failed to load resource: the server responded with a status of 404 (Not Found)
  [Console-warning] WARNING: Multiple instances of Three.js being imported.
  [Console-warning] [ComfyUI Deprecated] Importing from "scripts/ui.js" is deprecated and will be removed in v1.34.
  [Console-warning] [MaskEditor] ComfyApp.open_maskeditor is deprecated. Plugins should migrate to using the command system or direct node context menu integration.
  [Console-warning] [ComfyUI Deprecated] Importing from "scripts/ui/components/buttonGroup.js" is deprecated and will be removed in v1.34.
  [Console-warning] [ComfyUI Deprecated] Importing from "scripts/ui/components/button.js" is deprecated and will be removed in v1.34.
  [Console-warning] Canvas2D: Multiple readback operations using getImageData are faster with the willReadFrequently attribute set to true. See: https://html.spec.whatwg.org/multipage/canvas.html#concept-canvas-will-read-frequently
  [Console-error] No input!
  Frame 1 saved (frame_000.jpg, t=0.0s)
  Validating workflow...
  Queuing workflow for execution...
  Node executed (1 total), capturing...
  Frame 2 saved (frame_001.jpg, t=2.1s)
  [capture-node] freeze=30ms shot=612ms unfreeze=29ms saved=True
  [capture-loop] iter=50 t=11.9s state={'complete': False, 'error': None, 'executedCount': 1, 'wsState': 1} eval_ms=27
  [capture-loop] iter=100 t=21.7s state={'complete': False, 'error': None, 'executedCount': 1, 'wsState': 1} eval_ms=29
  [capture-loop] iter=150 t=30.8s state={'complete': False, 'error': None, 'executedCount': 1, 'wsState': 1} eval_ms=27
  Frame 3 saved (frame_002.jpg, t=33.8s)
  [capture-periodic] freeze=27ms shot=531ms unfreeze=33ms saved=True
  [capture-loop] iter=200 t=53.3s state={'complete': False, 'error': None, 'executedCount': 1, 'wsState': 1} eval_ms=37
  [capture-loop] iter=250 t=63.1s state={'complete': False, 'error': None, 'executedCount': 1, 'wsState': 1} eval_ms=23
  Frame 4 saved (frame_003.jpg, t=67.2s)
  [capture-periodic] freeze=24ms shot=559ms unfreeze=26ms saved=True
  [capture-loop] iter=300 t=72.5s state={'complete': False, 'error': None, 'executedCount': 1, 'wsState': 1} eval_ms=27
  [capture-loop] iter=350 t=120.8s state={'complete': False, 'error': None, 'executedCount': 1, 'wsState': 1} eval_ms=35
  [capture-loop] iter=400 t=139.0s state={'complete': False, 'error': None, 'executedCount': 1, 'wsState': 1} eval_ms=19
  [capture-loop] iter=450 t=149.6s state={'complete': False, 'error': None, 'executedCount': 1, 'wsState': 1} eval_ms=48
  [capture-loop] iter=500 t=173.2s state={'complete': False, 'error': None, 'executedCount': 1, 'wsState': 1} eval_ms=24
  [capture-loop] iter=550 t=183.1s state={'complete': False, 'error': None, 'executedCount': 1, 'wsState': 1} eval_ms=22
  [capture-loop] iter=600 t=193.2s state={'complete': False, 'error': None, 'executedCount': 1, 'wsState': 1} eval_ms=29
  [capture-loop] iter=650 t=220.8s state={'complete': False, 'error': None, 'executedCount': 1, 'wsState': 1} eval_ms=29
  [capture-loop] iter=700 t=229.8s state={'complete': False, 'error': None, 'executedCount': 1, 'wsState': 1} eval_ms=20
  [capture-loop] iter=750 t=239.8s state={'complete': False, 'error': None, 'executedCount': 1, 'wsState': 1} eval_ms=99
  [capture-loop] iter=800 t=276.8s state={'complete': False, 'error': None, 'executedCount': 1, 'wsState': 1} eval_ms=39
  [capture-loop] iter=850 t=287.2s state={'complete': False, 'error': None, 'executedCount': 1, 'wsState': 1} eval_ms=18
  [capture-loop] iter=900 t=296.9s state={'complete': False, 'error': None, 'executedCount': 1, 'wsState': 1} eval_ms=20
  [capture-loop] iter=950 t=318.7s state={'complete': False, 'error': None, 'executedCount': 1, 'wsState': 1} eval_ms=20
  [capture-loop] iter=1000 t=328.7s state={'complete': False, 'error': None, 'executedCount': 1, 'wsState': 1} eval_ms=25
  [capture-loop] iter=1050 t=338.4s state={'complete': False, 'error': None, 'executedCount': 1, 'wsState': 1} eval_ms=24
  Frame 5 saved (frame_004.jpg, t=345.6s)
  [capture-periodic] freeze=90ms shot=727ms unfreeze=23ms saved=True
  [capture-loop] iter=1100 t=348.0s state={'complete': False, 'error': None, 'executedCount': 1, 'wsState': 1} eval_ms=23
  Frame 6 saved (frame_005.jpg, t=348.6s)
  [capture-periodic] freeze=21ms shot=477ms unfreeze=27ms saved=True
  [capture-loop] iter=1150 t=357.7s state={'complete': False, 'error': None, 'executedCount': 1, 'wsState': 1} eval_ms=21
  [capture-loop] iter=1200 t=366.4s state={'complete': False, 'error': None, 'executedCount': 1, 'wsState': 1} eval_ms=22
  [capture-loop] iter=1250 t=375.8s state={'complete': False, 'error': None, 'executedCount': 1, 'wsState': 1} eval_ms=23
  [capture-loop] iter=1300 t=384.9s state={'complete': False, 'error': None, 'executedCount': 1, 'wsState': 1} eval_ms=26
  Frame 7 saved (frame_006.jpg, t=393.2s)
  [capture-periodic] freeze=19ms shot=452ms unfreeze=22ms saved=True
  [capture-loop] iter=1350 t=395.0s state={'complete': False, 'error': None, 'executedCount': 1, 'wsState': 1} eval_ms=21
  Frame 8 saved (frame_007.jpg, t=395.9s)
  [capture-periodic] freeze=23ms shot=362ms unfreeze=20ms saved=True
  Frame 9 saved (frame_008.jpg, t=398.6s)
  [capture-periodic] freeze=20ms shot=451ms unfreeze=29ms saved=True
  Frame 10 saved (frame_009.jpg, t=401.3s)
  [capture-periodic] freeze=24ms shot=488ms unfreeze=44ms saved=True
  Frame 11 saved (frame_010.jpg, t=404.1s)
  [capture-periodic] freeze=18ms shot=504ms unfreeze=12ms saved=True
  [capture-loop] iter=1400 t=405.0s state={'complete': False, 'error': None, 'executedCount': 1, 'wsState': 1} eval_ms=20
  Frame 12 saved (frame_011.jpg, t=406.8s)
  [capture-periodic] freeze=22ms shot=466ms unfreeze=29ms saved=True
  Frame 13 saved (frame_012.jpg, t=409.4s)
  [capture-periodic] freeze=107ms shot=602ms unfreeze=17ms saved=True
  Frame 14 saved (frame_013.jpg, t=412.3s)
  [capture-periodic] freeze=27ms shot=362ms unfreeze=20ms saved=True
  [capture-loop] iter=1450 t=414.3s state={'complete': False, 'error': None, 'executedCount': 1, 'wsState': 1} eval_ms=21
  Frame 15 saved (frame_014.jpg, t=417.4s)
  [capture-periodic] freeze=45ms shot=531ms unfreeze=32ms saved=True
  Frame 16 saved (frame_015.jpg, t=422.8s)
  [capture-periodic] freeze=20ms shot=459ms unfreeze=20ms saved=True
  [capture-loop] iter=1500 t=423.9s state={'complete': False, 'error': None, 'executedCount': 1, 'wsState': 1} eval_ms=25
  Frame 17 saved (frame_016.jpg, t=425.3s)
  [capture-periodic] freeze=20ms shot=534ms unfreeze=21ms saved=True
  Frame 18 saved (frame_017.jpg, t=428.2s)
  [capture-periodic] freeze=35ms shot=436ms unfreeze=27ms saved=True
  [capture-loop] iter=1550 t=433.3s state={'complete': False, 'error': None, 'executedCount': 1, 'wsState': 1} eval_ms=23
  [capture-loop] iter=1600 t=442.6s state={'complete': False, 'error': None, 'executedCount': 1, 'wsState': 1} eval_ms=25
  [capture-loop] iter=1650 t=451.5s state={'complete': False, 'error': None, 'executedCount': 1, 'wsState': 1} eval_ms=26
  [capture-loop] iter=1700 t=461.4s state={'complete': False, 'error': None, 'executedCount': 1, 'wsState': 1} eval_ms=23
  [capture-loop] iter=1750 t=471.2s state={'complete': False, 'error': None, 'executedCount': 1, 'wsState': 1} eval_ms=30
  Frame 19 saved (frame_018.jpg, t=472.9s)
  [capture-periodic] freeze=33ms shot=446ms unfreeze=24ms saved=True
  Frame 20 saved (frame_019.jpg, t=475.6s)
  [capture-periodic] freeze=18ms shot=483ms unfreeze=22ms saved=True
  [capture-loop] iter=1800 t=480.3s state={'complete': False, 'error': None, 'executedCount': 1, 'wsState': 1} eval_ms=26
  Frame 21 saved (frame_020.jpg, t=480.9s)
  [capture-periodic] freeze=24ms shot=512ms unfreeze=25ms saved=True
  Frame 22 saved (frame_021.jpg, t=483.7s)
  [capture-periodic] freeze=27ms shot=554ms unfreeze=27ms saved=True
  Frame 23 saved (frame_022.jpg, t=489.2s)
  [capture-periodic] freeze=22ms shot=523ms unfreeze=22ms saved=True
  [capture-loop] iter=1850 t=490.5s state={'complete': False, 'error': None, 'executedCount': 1, 'wsState': 1} eval_ms=24
  Frame 24 saved (frame_023.jpg, t=491.9s)
  [capture-periodic] freeze=17ms shot=426ms unfreeze=29ms saved=True
  Frame 25 saved (frame_024.jpg, t=494.6s)
  [capture-periodic] freeze=22ms shot=442ms unfreeze=25ms saved=True
  [capture-loop] iter=1900 t=499.5s state={'complete': False, 'error': None, 'executedCount': 1, 'wsState': 1} eval_ms=21
  Frame 26 saved (frame_025.jpg, t=499.8s)
  [capture-periodic] freeze=35ms shot=507ms unfreeze=27ms saved=True
  Frame 27 saved (frame_026.jpg, t=502.5s)
  [capture-periodic] freeze=20ms shot=454ms unfreeze=28ms saved=True
  Frame 28 saved (frame_027.jpg, t=505.2s)
  [capture-periodic] freeze=33ms shot=529ms unfreeze=24ms saved=True
  Frame 29 saved (frame_028.jpg, t=508.0s)
  [capture-periodic] freeze=21ms shot=472ms unfreeze=24ms saved=True
  [capture-loop] iter=1950 t=509.6s state={'complete': False, 'error': None, 'executedCount': 1, 'wsState': 1} eval_ms=26
  Frame 30 saved (frame_029.jpg, t=513.3s)
  [capture-periodic] freeze=26ms shot=451ms unfreeze=22ms saved=True
  [capture-loop] iter=2000 t=519.3s state={'complete': False, 'error': None, 'executedCount': 1, 'wsState': 1} eval_ms=24
  [capture-loop] iter=2050 t=528.4s state={'complete': False, 'error': None, 'executedCount': 1, 'wsState': 1} eval_ms=27
  [capture-loop] iter=2100 t=538.7s state={'complete': False, 'error': None, 'executedCount': 1, 'wsState': 1} eval_ms=20
  [capture-loop] iter=2150 t=548.1s state={'complete': False, 'error': None, 'executedCount': 1, 'wsState': 1} eval_ms=27
  Frame 31 saved (frame_030.jpg, t=548.3s)
  [capture-periodic] freeze=18ms shot=541ms unfreeze=23ms saved=True
  Frame 32 saved (frame_031.jpg, t=554.4s)
  [capture-periodic] freeze=48ms shot=471ms unfreeze=46ms saved=True
  Frame 33 saved (frame_032.jpg, t=557.1s)
  [capture-periodic] freeze=20ms shot=571ms unfreeze=23ms saved=True
  [capture-loop] iter=2200 t=559.2s state={'complete': False, 'error': None, 'executedCount': 1, 'wsState': 1} eval_ms=21
  Frame 34 saved (frame_033.jpg, t=567.8s)
  [capture-periodic] freeze=24ms shot=498ms unfreeze=24ms saved=True
  [capture-loop] iter=2250 t=568.9s state={'complete': False, 'error': None, 'executedCount': 1, 'wsState': 1} eval_ms=25
  [capture-loop] iter=2300 t=577.8s state={'complete': False, 'error': None, 'executedCount': 1, 'wsState': 1} eval_ms=23
  [capture-loop] iter=2350 t=587.2s state={'complete': False, 'error': None, 'executedCount': 1, 'wsState': 1} eval_ms=24
  [capture-loop] iter=2400 t=596.2s state={'complete': False, 'error': None, 'executedCount': 1, 'wsState': 1} eval_ms=20
  [Console-error] No input!
  Node executed (2 total), capturing...
  [Console-warning] Canvas2D: Multiple readback operations using getImageData are faster with the willReadFrequently attribute set to true. See: https://html.spec.whatwg.org/multipage/canvas.html#concept-canvas-will-read-frequently
  [Console-error] No input!
  Frame 35 saved (frame_034.jpg, t=601.1s)
  [capture-node] freeze=41ms shot=2060ms unfreeze=23ms saved=True
  Frame 36 saved (frame_035.jpg, t=605.4s)
  [capture-periodic] freeze=22ms shot=606ms unfreeze=43ms saved=True
  Frame 37 saved (frame_036.jpg, t=622.9s)
  [capture-periodic] freeze=33ms shot=838ms unfreeze=48ms saved=True
  [capture-loop] iter=2450 t=624.1s state={'complete': False, 'error': None, 'executedCount': 2, 'wsState': 1} eval_ms=20
  [capture-loop] iter=2500 t=633.7s state={'complete': False, 'error': None, 'executedCount': 2, 'wsState': 1} eval_ms=20
  [capture-loop] iter=2550 t=643.8s state={'complete': False, 'error': None, 'executedCount': 2, 'wsState': 1} eval_ms=20
  [capture-loop] iter=2600 t=653.3s state={'complete': False, 'error': None, 'executedCount': 2, 'wsState': 1} eval_ms=18
  Node executed (3 total), capturing...
  Frame 38 saved (frame_037.jpg, t=661.1s)
  [capture-node] freeze=24ms shot=457ms unfreeze=0ms saved=True
  Execution complete (t=661.1s)
  Captured 38 unique frames over 661.7s
  [debug] iframes: 1
  [debug]   iframe[0]: src=http://127.0.0.1:8188/extensions/ComfyUI-GeometryPack/viewer_vtk.html?v=17718471, canvas=535x603, rafFrozen=True
  [timing] trigger_3d_previews: 0.0s
  Saved high-quality screenshot: geometry_only_executed.png
  [timing] final_screenshot: 2.8s
    Captured 39 video frames