Capturing execution frames: remove_background.json
  [Console-error] Failed to load resource: the server responded with a status of 404 (Not Found)
  [Console-error] Failed to load resource: the server responded with a status of 404 (Not Found)
  [Console-error] Failed to load resource: the server responded with a status of 404 (Not Found)
  [Console-error] Failed to load resource: the server responded with a status of 404 (Not Found)
  [Console-error] Failed to load resource: the server responded with a status of 404 (Not Found)
  [Console-warning] WARNING: Multiple instances of Three.js being imported.
  [Console-warning] [ComfyUI Deprecated] Importing from "scripts/ui.js" is deprecated and will be removed in v1.34.
  [Console-warning] [MaskEditor] ComfyApp.open_maskeditor is deprecated. Plugins should migrate to using the command system or direct node context menu integration.
  [Console-warning] [ComfyUI Deprecated] Importing from "scripts/ui/components/buttonGroup.js" is deprecated and will be removed in v1.34.
  [Console-warning] [ComfyUI Deprecated] Importing from "scripts/ui/components/button.js" is deprecated and will be removed in v1.34.
  [Console-error] Failed to load resource: the server responded with a status of 403 (Forbidden)
  [Console-error] Error loading model: zy: fetch for "http://127.0.0.1:8188/api/view?type=output&subfolder=%2Fhome%2Fshadeform%2Ftrellis2%2FComfyUI%2Foutput&filename=trellis2_20260222_171459.glb" responded with 403: Forbidden
    at http://127.0.0.1:8188/assets/vendor-three-DH0o8VQ7.js:3824:114758
  [Console-warning] WebGL: INVALID_OPERATION: loseContext: context already lost
  [Console-error] Failed to load resource: the server responded with a status of 403 (Forbidden)
  [Console-error] Error loading model: zy: fetch for "http://127.0.0.1:8188/api/view?type=output&subfolder=%2Fhome%2Fshadeform%2Ftrellis2%2FComfyUI%2Foutput&filename=trellis2_20260222_171459.glb" responded with 403: Forbidden
    at http://127.0.0.1:8188/assets/vendor-three-DH0o8VQ7.js:3824:114758
  [Console-warning] Parent element not found
  [Console-warning] Canvas2D: Multiple readback operations using getImageData are faster with the willReadFrequently attribute set to true. See: https://html.spec.whatwg.org/multipage/canvas.html#concept-canvas-will-read-frequently
  [Console-error] No input!
  Frame 1 saved (frame_000.jpg, t=0.0s)
  Validating workflow...
  Queuing workflow for execution...
  Frame 2 saved (frame_001.jpg, t=3.3s)
  [capture-periodic] freeze=24ms shot=361ms unfreeze=20ms saved=True
  [capture-loop] iter=50 t=10.4s state={'complete': False, 'error': None, 'executedCount': 0, 'wsState': 1} eval_ms=21
  [capture-loop] iter=100 t=19.7s state={'complete': False, 'error': None, 'executedCount': 0, 'wsState': 1} eval_ms=23
  [capture-loop] iter=150 t=28.9s state={'complete': False, 'error': None, 'executedCount': 0, 'wsState': 1} eval_ms=25
  [capture-loop] iter=200 t=38.3s state={'complete': False, 'error': None, 'executedCount': 0, 'wsState': 1} eval_ms=21
  [capture-loop] iter=250 t=47.3s state={'complete': False, 'error': None, 'executedCount': 0, 'wsState': 1} eval_ms=25
  [capture-loop] iter=300 t=61.2s state={'complete': False, 'error': None, 'executedCount': 0, 'wsState': 1} eval_ms=23
  [capture-loop] iter=350 t=70.8s state={'complete': False, 'error': None, 'executedCount': 0, 'wsState': 1} eval_ms=23
  Frame 3 saved (frame_002.jpg, t=77.8s)
  [capture-periodic] freeze=24ms shot=916ms unfreeze=28ms saved=True
  Node executed (1 total), capturing...
  Frame 4 saved (frame_003.jpg, t=79.3s)
  [capture-node] freeze=25ms shot=496ms unfreeze=25ms saved=True
  [capture-loop] iter=400 t=81.1s state={'complete': False, 'error': None, 'executedCount': 1, 'wsState': 1} eval_ms=29
  Frame 5 saved (frame_004.jpg, t=84.6s)
  [capture-periodic] freeze=20ms shot=478ms unfreeze=29ms saved=True
  [capture-loop] iter=450 t=90.9s state={'complete': False, 'error': None, 'executedCount': 1, 'wsState': 1} eval_ms=23
  [capture-loop] iter=500 t=100.0s state={'complete': False, 'error': None, 'executedCount': 1, 'wsState': 1} eval_ms=35
  [capture-loop] iter=550 t=109.7s state={'complete': False, 'error': None, 'executedCount': 1, 'wsState': 1} eval_ms=21
  Frame 6 saved (frame_005.jpg, t=111.3s)
  [capture-periodic] freeze=24ms shot=576ms unfreeze=39ms saved=True
  Frame 7 saved (frame_006.jpg, t=114.1s)
  [capture-periodic] freeze=20ms shot=403ms unfreeze=19ms saved=True
  [capture-loop] iter=600 t=118.9s state={'complete': False, 'error': None, 'executedCount': 1, 'wsState': 1} eval_ms=28
  Frame 8 saved (frame_007.jpg, t=119.3s)
  [capture-periodic] freeze=19ms shot=585ms unfreeze=68ms saved=True
  [capture-loop] iter=650 t=128.6s state={'complete': False, 'error': None, 'executedCount': 1, 'wsState': 1} eval_ms=27
  [capture-loop] iter=700 t=137.7s state={'complete': False, 'error': None, 'executedCount': 1, 'wsState': 1} eval_ms=23
  [capture-loop] iter=750 t=147.4s state={'complete': False, 'error': None, 'executedCount': 1, 'wsState': 1} eval_ms=24
  Frame 9 saved (frame_008.jpg, t=156.8s)
  [capture-periodic] freeze=34ms shot=536ms unfreeze=24ms saved=True
  [capture-loop] iter=800 t=158.0s state={'complete': False, 'error': None, 'executedCount': 1, 'wsState': 1} eval_ms=29
  Frame 10 saved (frame_009.jpg, t=159.6s)
  [capture-periodic] freeze=31ms shot=824ms unfreeze=25ms saved=True
  Frame 11 saved (frame_010.jpg, t=162.6s)
  [capture-periodic] freeze=32ms shot=697ms unfreeze=27ms saved=True
  Frame 12 saved (frame_011.jpg, t=165.7s)
  [capture-periodic] freeze=28ms shot=535ms unfreeze=32ms saved=True
  [capture-loop] iter=850 t=168.5s state={'complete': False, 'error': None, 'executedCount': 1, 'wsState': 1} eval_ms=50
  Frame 13 saved (frame_012.jpg, t=168.6s)
  [capture-periodic] freeze=25ms shot=522ms unfreeze=40ms saved=True
  Frame 14 saved (frame_013.jpg, t=171.4s)
  [capture-periodic] freeze=33ms shot=742ms unfreeze=28ms saved=True
  Frame 15 saved (frame_014.jpg, t=174.5s)
  [capture-periodic] freeze=22ms shot=453ms unfreeze=22ms saved=True
  [capture-loop] iter=900 t=178.8s state={'complete': False, 'error': None, 'executedCount': 1, 'wsState': 1} eval_ms=32
  Frame 16 saved (frame_015.jpg, t=179.8s)
  [capture-periodic] freeze=36ms shot=589ms unfreeze=23ms saved=True
  Frame 17 saved (frame_016.jpg, t=185.3s)
  [capture-periodic] freeze=26ms shot=533ms unfreeze=25ms saved=True
  [capture-loop] iter=950 t=189.1s state={'complete': False, 'error': None, 'executedCount': 1, 'wsState': 1} eval_ms=18
  [capture-loop] iter=1000 t=198.6s state={'complete': False, 'error': None, 'executedCount': 1, 'wsState': 1} eval_ms=33
  [capture-loop] iter=1050 t=208.7s state={'complete': False, 'error': None, 'executedCount': 1, 'wsState': 1} eval_ms=27
  [capture-loop] iter=1100 t=218.6s state={'complete': False, 'error': None, 'executedCount': 1, 'wsState': 1} eval_ms=26
  [capture-loop] iter=1150 t=227.8s state={'complete': False, 'error': None, 'executedCount': 1, 'wsState': 1} eval_ms=24
  Frame 18 saved (frame_017.jpg, t=230.9s)
  [capture-periodic] freeze=18ms shot=610ms unfreeze=28ms saved=True
  Frame 19 saved (frame_018.jpg, t=233.8s)
  [capture-periodic] freeze=27ms shot=591ms unfreeze=27ms saved=True
  [capture-loop] iter=1200 t=238.4s state={'complete': False, 'error': None, 'executedCount': 1, 'wsState': 1} eval_ms=23
  Frame 20 saved (frame_019.jpg, t=239.4s)
  [capture-periodic] freeze=25ms shot=486ms unfreeze=26ms saved=True
  Frame 21 saved (frame_020.jpg, t=242.1s)
  [capture-periodic] freeze=27ms shot=723ms unfreeze=37ms saved=True
  Frame 22 saved (frame_021.jpg, t=247.5s)
  [capture-periodic] freeze=21ms shot=775ms unfreeze=28ms saved=True
  [capture-loop] iter=1250 t=248.9s state={'complete': False, 'error': None, 'executedCount': 1, 'wsState': 1} eval_ms=36
  Frame 23 saved (frame_022.jpg, t=250.5s)
  [capture-periodic] freeze=30ms shot=493ms unfreeze=31ms saved=True
  Frame 24 saved (frame_023.jpg, t=253.3s)
  [capture-periodic] freeze=26ms shot=603ms unfreeze=29ms saved=True
  [capture-loop] iter=1300 t=258.7s state={'complete': False, 'error': None, 'executedCount': 1, 'wsState': 1} eval_ms=22
  Frame 25 saved (frame_024.jpg, t=259.0s)
  [capture-periodic] freeze=19ms shot=559ms unfreeze=28ms saved=True
  Frame 26 saved (frame_025.jpg, t=261.9s)
  [capture-periodic] freeze=32ms shot=553ms unfreeze=27ms saved=True
  Frame 27 saved (frame_026.jpg, t=264.6s)
  [capture-periodic] freeze=22ms shot=557ms unfreeze=29ms saved=True
  Frame 28 saved (frame_027.jpg, t=267.5s)
  [capture-periodic] freeze=26ms shot=535ms unfreeze=22ms saved=True
  [capture-loop] iter=1350 t=269.3s state={'complete': False, 'error': None, 'executedCount': 1, 'wsState': 1} eval_ms=23
  Frame 29 saved (frame_028.jpg, t=270.3s)
  [capture-periodic] freeze=40ms shot=593ms unfreeze=29ms saved=True
  Frame 30 saved (frame_029.jpg, t=276.1s)
  [capture-periodic] freeze=23ms shot=560ms unfreeze=27ms saved=True
  [capture-loop] iter=1400 t=279.8s state={'complete': False, 'error': None, 'executedCount': 1, 'wsState': 1} eval_ms=27
  [capture-loop] iter=1450 t=289.4s state={'complete': False, 'error': None, 'executedCount': 1, 'wsState': 1} eval_ms=25
  [capture-loop] iter=1500 t=299.0s state={'complete': False, 'error': None, 'executedCount': 1, 'wsState': 1} eval_ms=25
  [capture-loop] iter=1550 t=309.1s state={'complete': False, 'error': None, 'executedCount': 1, 'wsState': 1} eval_ms=29
  Frame 31 saved (frame_030.jpg, t=316.3s)
  [capture-periodic] freeze=25ms shot=496ms unfreeze=23ms saved=True
  [capture-loop] iter=1600 t=318.5s state={'complete': False, 'error': None, 'executedCount': 1, 'wsState': 1} eval_ms=30
  Frame 32 saved (frame_031.jpg, t=324.4s)
  [capture-periodic] freeze=26ms shot=788ms unfreeze=23ms saved=True
  [capture-loop] iter=1650 t=329.0s state={'complete': False, 'error': None, 'executedCount': 1, 'wsState': 1} eval_ms=27
  [capture-loop] iter=1700 t=337.9s state={'complete': False, 'error': None, 'executedCount': 1, 'wsState': 1} eval_ms=21
  [capture-loop] iter=1750 t=347.6s state={'complete': False, 'error': None, 'executedCount': 1, 'wsState': 1} eval_ms=20
  Node executed (2 total), capturing...
  Frame 33 saved (frame_032.jpg, t=355.1s)
  [capture-node] freeze=40ms shot=1058ms unfreeze=38ms saved=True
  [capture-loop] iter=1800 t=359.8s state={'complete': False, 'error': None, 'executedCount': 2, 'wsState': 1} eval_ms=26
  [Console-error] No input!
  Node executed (3 total), capturing...
  Frame 34 saved (frame_033.jpg, t=368.8s)
  [capture-node] freeze=20ms shot=961ms unfreeze=0ms saved=True
  Execution complete (t=368.7s)
  Captured 34 unique frames over 371.08s
  [debug] iframes: 1
  [debug]   iframe[0]: src=http://127.0.0.1:8188/extensions/ComfyUI-GeometryPack/viewer_vtk.html?v=17718482, canvas=0x0, rafFrozen=False
  [Console-warning] Canvas2D: Multiple readback operations using getImageData are faster with the willReadFrequently attribute set to true. See: https://html.spec.whatwg.org/multipage/canvas.html#concept-canvas-will-read-frequently
  [Console-error] No input!
  [timing] trigger_3d_previews: 0.4s
  Saved high-quality screenshot: remove_background_executed.png
  [timing] final_screenshot: 3.1s
    Captured 35 video frames